<?xml version="1.0" encoding="UTF-8"?>
<!-- Generated by org.testng.reporters.JUnitReportReporter -->
<testsuite skipped="0" hostname="DESKTOP-3F6J890" name="Test01_GET" tests="1" failures="0" timestamp="09 Aug 2020 14:07:02 GMT" time="6.959" errors="0">
  <testcase name="test_01" time="6.959" classname="Test01_GET"/>
</testsuite> <!-- Test01_GET -->
