<?xml version="1.0" encoding="UTF-8"?>
<!-- Generated by org.testng.reporters.JUnitReportReporter -->
<testsuite skipped="0" hostname="DESKTOP-3F6J890" name="Test.TestCases" tests="1" failures="0" timestamp="11 Aug 2020 13:53:51 GMT" time="49.088" errors="0">
  <testcase name="Testpages" time="49.088" classname="Test.TestCases"/>
</testsuite> <!-- Test.TestCases -->
